0 info it worked if it ends with ok
1 verbose cli [ '/usr/local/bin/node', '/usr/local/bin/npm', 'run', 'watch' ]
2 info using npm@4.1.2
3 info using node@v7.7.2
4 verbose run-script [ 'prewatch', 'watch', 'postwatch' ]
5 info lifecycle skeleton@1.0.0~prewatch: skeleton@1.0.0
6 silly lifecycle skeleton@1.0.0~prewatch: no script for prewatch, continuing
7 info lifecycle skeleton@1.0.0~watch: skeleton@1.0.0
8 verbose lifecycle skeleton@1.0.0~watch: unsafe-perm in lifecycle true
9 verbose lifecycle skeleton@1.0.0~watch: PATH: /usr/local/lib/node_modules/npm/bin/node-gyp-bin:/Users/k1sul1/Projects/wordpress-themes/skeleton/node_modules/.bin:/usr/local/lib/node_modules/npm/bin/node-gyp-bin:/Users/k1sul1/Projects/wordpress-themes/skeleton/node_modules/.bin:/Users/k1sul1/bin/Sencha/Cmd:/usr/local/opt/php70/bin:/usr/local/git/bin:/sw/bin/:/usr/local/bin:/usr/local/:/usr/local/sbin:/usr/local/mysql/bin:/usr/local/bin:/usr/local/sbin:/usr/bin:/bin:/usr/sbin:/sbin:/usr/local/bin/:/Users/k1sul1/.composer/vendor/bin:/Users/k1sul1/.yarn/bin:/Users/k1sul1/.npm-global/bin:/usr/local/go/bin:/Users/k1sul1/Projects/golang/bin
10 verbose lifecycle skeleton@1.0.0~watch: CWD: /Users/k1sul1/Projects/wordpress-themes/skeleton
11 silly lifecycle skeleton@1.0.0~watch: Args: [ '-c', 'webpack-dev-server --env development' ]
12 silly lifecycle skeleton@1.0.0~watch: Returned: code: 1  signal: null
13 info lifecycle skeleton@1.0.0~watch: Failed to exec watch script
14 verbose stack Error: skeleton@1.0.0 watch: `webpack-dev-server --env development`
14 verbose stack Exit status 1
14 verbose stack     at EventEmitter.<anonymous> (/usr/local/lib/node_modules/npm/lib/utils/lifecycle.js:279:16)
14 verbose stack     at emitTwo (events.js:106:13)
14 verbose stack     at EventEmitter.emit (events.js:194:7)
14 verbose stack     at ChildProcess.<anonymous> (/usr/local/lib/node_modules/npm/lib/utils/spawn.js:40:14)
14 verbose stack     at emitTwo (events.js:106:13)
14 verbose stack     at ChildProcess.emit (events.js:194:7)
14 verbose stack     at maybeClose (internal/child_process.js:899:16)
14 verbose stack     at Process.ChildProcess._handle.onexit (internal/child_process.js:226:5)
15 verbose pkgid skeleton@1.0.0
16 verbose cwd /Users/k1sul1/Projects/wordpress-themes/skeleton
17 error Darwin 16.4.0
18 error argv "/usr/local/bin/node" "/usr/local/bin/npm" "run" "watch"
19 error node v7.7.2
20 error npm  v4.1.2
21 error code ELIFECYCLE
22 error skeleton@1.0.0 watch: `webpack-dev-server --env development`
22 error Exit status 1
23 error Failed at the skeleton@1.0.0 watch script 'webpack-dev-server --env development'.
23 error Make sure you have the latest version of node.js and npm installed.
23 error If you do, this is most likely a problem with the skeleton package,
23 error not with npm itself.
23 error Tell the author that this fails on your system:
23 error     webpack-dev-server --env development
23 error You can get information on how to open an issue for this project with:
23 error     npm bugs skeleton
23 error Or if that isn't available, you can get their info via:
23 error     npm owner ls skeleton
23 error There is likely additional logging output above.
24 verbose exit [ 1, true ]
